#Deleted in new
chr11	1212770	1212773	p3@MUC5AC,0.3023	10.000000	+	1212770	1212773	60,179,113
#Partially deleted in new
chr13	72440643	72440670	p17@DACH1,0.6282	-66.000000	-	72440643	72440670	60,179,113
#Partially deleted in new
chr14	106330109	106330117	p2@IGHJ5,0.3756	-37.000000	-	106330109	106330117	60,179,113
#Partially deleted in new
chr14	106478292	106478312	p1@AF069906,p1@DQ454530,p1@DQ454534,p1@DQ454537,p1@DQ454557,p1@DQ454570,p1@DQ454599,p1@DQ454600,p1@DQ454608,p1@DQ454637,p1@DQ454707,p1@DQ454764,p1@DQ454797,p1@DQ454818,p1@DQ454862,p1@DQ454866,p1@DQ454867,p1@DQ454932,p1@DQ523879,p1@GQ232818,p1@GQ232831,p1@GU552723,p1@Z30544,p1@Z30556,p1@Z30560,p1@Z30563,p1@Z30574,p1@Z30597,p1@Z30672,0.2984	0.000000	-	106478292	106478312	60,179,113
#Deleted in new
chr14	106539557	106539581	p1@IGHV1-8,0.1036	0.000000	-	106539557	106539581	211,211,211
#Deleted in new
chr14	106552439	106552442	p1@DQ454551,p2@DQ523918,0.4020	0.000000	-	106552439	106552442	60,179,113
#Deleted in new
chr14	106552448	106552451	p1@DQ523918,0.4100	-5.000000	-	106552448	106552451	60,179,113
#Deleted in new
chr14	106552551	106552557	p1@AF103184,p1@FJ385385,p1@HM774241,p1@HM774328,p1@HM774349,p1@HM774514,p1@HM774642,p1@HM774682,p1@HM774840,p1@HM774998,p1@HQ704030,p1@HQ704032,p1@HQ704033,p1@HQ704034,p1@L04343,p1@U63211,0.2816	0.000000	-	106552551	106552557	60,179,113
#Deleted in new
chr14	106552655	106552665	p1@Z14176,0.3777	-61.000000	-	106552655	106552665	60,179,113
#Deleted in new
chr14	106552738	106552743	p2@IGHV3-9,0.5229	65.000000	-	106552738	106552743	60,179,113
#Deleted in new
chr14	106552751	106552754	p3@IGHV3-9,0.5831	54.000000	-	106552751	106552754	60,179,113
#Deleted in new
chr14	106552755	106552765	p1@IGHV3-9,0.5296	43.000000	-	106552755	106552765	60,179,113
#Deleted in new
chr14	106552897	106552908	p4@IGHV3-9,0.1940	-88.000000	-	106552897	106552908	30,144,255
#Deleted in new
chr14	106559997	106560002	p1@IGHV2-10,0.0773	-22.000000	-	106559997	106560002	211,211,211
#Partially deleted in new
chr14	106938478	106938483	p5@LINC00221,0.5821	4.000000	+	106938478	106938483	60,179,113
#Partially deleted in new
chr19	54693521	54693539	p3@MBOAT7,0.4143	0.000000	-	54693521	54693539	60,179,113
#Partially deleted in new
chr19	54704718	54704735	p1@RPS9,0.5596	0.000000	+	54704718	54704735	60,179,113
#Partially deleted in new
chr19	54872588	54872605	p10@LAIR1,0.4820	-32.000000	-	54872588	54872605	60,179,113
#Partially deleted in new
chr1	12677860	12677865	p10@DHRS3,0.4068	-40.000000	-	12677860	12677865	60,179,113
#Partially deleted in new
chr1	144534036	144534038	p1@ENST00000364829,0.2893	0.000000	+	144534036	144534038	60,179,113
#Partially deleted in new
chr1	144534086	144534119	p2@ENST00000364829,0.2683	48.000000	+	144534086	144534119	60,179,113
#Split in new
chr1	144593670	144593696	p1@NBPF8,p1@NBPF9,0.4458	0.000000	+	144593670	144593696	60,179,113
#Partially deleted in new
chr1	147994144	147994148	p1@ENST00000391154,0.4012	0.000000	+	147994144	147994148	60,179,113
#Partially deleted in new
chr1	148241457	148241473	p1@ENST00000384770,0.4274	0.000000	+	148241457	148241473	60,179,113
#Partially deleted in new
chr1	148241512	148241523	p2@ENST00000384770,0.3678	47.000000	+	148241512	148241523	60,179,113
#Split in new
chr1	148760484	148760496	p1@ENST00000455105,0.2758	-7.000000	+	148760484	148760496	60,179,113
#Partially deleted in new
chr1	149576378	149576393	p1@ENST00000444581,0.5302	-56.000000	+	149576378	149576393	60,179,113
#Partially deleted in new
chr21	17791832	17791846	p21@LINC00478,0.4976	0.000000	+	17791832	17791846	60,179,113
#Partially deleted in new
chr22	22661169	22661176	p2@LOC96610,0.1158	-39.000000	+	22661169	22661176	211,211,211
#Partially deleted in new
chr2	89161064	89161082	p1@IGKJ2,0.2898	0.000000	-	89161064	89161082	60,179,113
#Deleted in new
chr7	100550674	100550679	p8@uc003uxk.1,p8@uc003uxl.1,0.4870	-70.000000	+	100550674	100550679	60,179,113
#Deleted in new
chr7	100550681	100550704	p2@uc003uxk.1,p2@uc003uxl.1,0.5192	-45.000000	+	100550681	100550704	60,179,113
#Deleted in new
chr7	100550748	100550757	p5@uc003uxk.1,p5@uc003uxl.1,0.5806	0.000000	+	100550748	100550757	60,179,113
#Deleted in new
chr7	100550763	100550784	p3@uc003uxk.1,p3@uc003uxl.1,0.5423	13.000000	+	100550763	100550784	60,179,113
#Deleted in new
chr7	100550785	100550819	p1@uc003uxk.1,p1@uc003uxl.1,0.4819	35.000000	+	100550785	100550819	60,179,113
#Deleted in new
chr7	100609288	100609294	p21@MUC3A,p21@MUC3B,0.4442	-45.000000	+	100609288	100609294	60,179,113
#Deleted in new
chr7	100609304	100609322	p6@MUC3A,p6@MUC3B,0.4830	-17.000000	+	100609304	100609322	60,179,113
#Deleted in new
chr7	100609327	100609376	p2@MUC3A,p2@MUC3B,0.3750	0.000000	+	100609327	100609376	60,179,113
#Deleted in new
chr7	100611409	100611413	p1@ENST00000420080,p1@uc003uxn.1,0.2178	0.000000	-	100611409	100611413	30,144,255
#Deleted in new
chr7	100611508	100611510	p2@ENST00000420080,p2@uc003uxn.1,0.2299	-98.000000	-	100611508	100611510	60,179,113
#Deleted in new
chr7	100612819	100612853	p6@MUC12,0.1536	-50.000000	+	100612819	100612853	30,144,255
#Partially deleted in new
chr7	142028105	142028159	p1@TRBV6-1,0.3073	0.000000	+	142028105	142028159	60,179,113
#Partially deleted in new
chr7	142250929	142250940	p3@AF430683,p3@AF430684,p3@AF430685,0.5170	-69.000000	-	142250929	142250940	60,179,113
#Partially deleted in new
chr7	142250987	142250997	p1@L06891,0.4556	51.000000	-	142250987	142250997	60,179,113
#Partially deleted in new
chr7	142494038	142494075	p1@TRBJ2-1,0.3419	0.000000	+	142494038	142494075	60,179,113
#Deleted in new
chr8	2480454	2480463	p1@ENST00000515276,p1@ENST00000523394,p1@uc003wqa.2,0.1134	-1.000000	-	2480454	2480463	211,211,211
#Partially deleted in new
chr9	43685042	43685057	p2@CNTNAP3B,0.3250	-5.000000	+	43685042	43685057	60,179,113
#Partially deleted in new
chrM	15293	15304	p3@AF391805,0.7441	-65.000000	+	15293	15304	60,179,113
#Partially deleted in new
chrX	142723913	142723928	p1@SLITRK4,0.4033	0.000000	-	142723913	142723928	60,179,113
#Partially deleted in new
chrX	148622330	148622402	p1@ENST00000436708,p1@ENST00000447209,p1@ENST00000541582,0.5154	0.000000	-	148622330	148622402	60,179,113
#Split in new
chr10	48952445	48952465	p1@BMS1P1,p1@BMS1P5,0.2864	163.000000	-	48952445	48952465	60,179,113
#Partially deleted in new
chr11	1093018	1093037	p5@MUC2,0.0971	-280.000000	+	1093018	1093037	211,211,211
#Deleted in new
chr14	106539743	106539744	p2@IGHV1-8,0.1593	-166.000000	-	106539743	106539744	30,144,255
#Partially deleted in new
chr14	22975039	22975044	p10@uc001wfa.2,0.0478	-367.000000	+	22975039	22975044	211,211,211
#Deleted in new
chr17	48227398	48227403	p21@PPP1R9B,0.1217	470.000000	-	48227398	48227403	211,211,211
#Partially deleted in new
chr1	143743958	143743967	p2@DQ786219,0.2802	-306.000000	+	143743958	143743967	60,179,113
#Partially deleted in new
chr1	145209616	145209647	p1@AK098372,0.2924	471.000000	+	145209616	145209647	60,179,113
#Partially deleted in new
chr1	149575984	149576003	p3@LOC728855,0.3002	-157.000000	+	149575984	149576003	60,179,113
#Partially deleted in new
chr1	150192499	150192512	p3@ANP32E,0.0617	369.000000	-	150192499	150192512	211,211,211
#Partially deleted in new
chr3	14444282	14444294	p16@SLC6A6,0.4166	134.000000	+	14444282	14444294	60,179,113
#Partially deleted in new
chr3	53324763	53324768	p2@DCP1A,0.1126	-141.000000	-	53324763	53324768	211,211,211
#Deleted in new
chr7	100608278	100608283	p1@uc010lhn.1,0.1659	-445.000000	+	100608278	100608283	30,144,255
#Deleted in new
chr7	100608316	100608319	p2@uc010lhn.1,0.1544	-409.000000	+	100608316	100608319	30,144,255
#Deleted in new
chr7	100609452	100609462	p28@MUC3A,p28@MUC3B,0.2620	112.000000	+	100609452	100609462	60,179,113
#Deleted in new
chr7	100609469	100609488	p15@MUC3A,p15@MUC3B,0.1864	129.000000	+	100609469	100609488	30,144,255
#Deleted in new
chr7	100609502	100609528	p12@MUC3A,p12@MUC3B,0.1634	162.000000	+	100609502	100609528	30,144,255
#Deleted in new
chr7	100609529	100609542	p22@MUC3A,p22@MUC3B,0.1271	189.000000	+	100609529	100609542	211,211,211
#Deleted in new
chr7	100609553	100609557	p42@MUC3A,p42@MUC3B,0.1463	213.000000	+	100609553	100609557	30,144,255
#Deleted in new
chr7	100609612	100609625	p11@MUC3A,p11@MUC3B,0.1409	272.000000	+	100609612	100609625	30,144,255
#Deleted in new
chr7	100609627	100609654	p3@MUC3A,p3@MUC3B,0.1401	287.000000	+	100609627	100609654	30,144,255
#Deleted in new
chr7	100609660	100609670	p25@MUC3A,p25@MUC3B,0.1750	320.000000	+	100609660	100609670	30,144,255
#Deleted in new
chr7	100611611	100611612	p3@ENST00000420080,p3@uc003uxn.1,0.2908	-201.000000	-	100611611	100611612	60,179,113
#Deleted in new
chr7	100612599	100612620	p10@MUC12,0.1632	-283.000000	+	100612599	100612620	30,144,255
#Deleted in new
chr7	100612647	100612650	p8@MUC12,0.1354	-253.000000	+	100612647	100612650	211,211,211
#Deleted in new
chr7	100612686	100612700	p3@MUC12,0.1512	-203.000000	+	100612686	100612700	30,144,255
#Partially deleted in new
chrM	16173	16187	p18@BC006482,0.0467	-481.000000	-	16173	16187	211,211,211
#Partially deleted in new
chrM	16183	16194	p9@uc004coz.1,0.1543	184.000000	+	16183	16194	30,144,255
#Partially deleted in new
chrX	148622391	148622400	p9@CXorf40A,0.5039	-118.000000	+	148622391	148622400	60,179,113
#Deleted in new
chr10	1282356	1282357	p@chr10:1282356..1282357,-,0.2370	0.000000	-	1282356	1282357	60,179,113
#Partially deleted in new
chr10	17891702	17891710	p@chr10:17891702..17891710,+,0.0780	0.000000	+	17891702	17891710	211,211,211
#Deleted in new
chr10	46528432	46528433	p@chr10:46528432..46528433,-,0.0710	0.000000	-	46528432	46528433	211,211,211
#Deleted in new
chr10	51378549	51378552	p@chr10:51378549..51378552,+,0.0706	0.000000	+	51378549	51378552	211,211,211
#Partially deleted in new
chr11	1222322	1222330	p@chr11:1222322..1222330,+,0.1732	0.000000	+	1222322	1222330	30,144,255
#Deleted in new
chr14	106325860	106325882	p@chr14:106325860..106325882,-,0.0446	0.000000	-	106325860	106325882	211,211,211
#Partially deleted in new
chr14	106332629	106332637	p@chr14:106332629..106332637,-,0.0641	0.000000	-	106332629	106332637	211,211,211
#Partially deleted in new
chr14	106479936	106479968	p@chr14:106479936..106479968,-,0.0903	0.000000	-	106479936	106479968	211,211,211
#Deleted in new
chr14	106552901	106552907	p@chr14:106552901..106552907,+,0.0764	0.000000	+	106552901	106552907	211,211,211
#Deleted in new
chr14	106554830	106554833	p@chr14:106554830..106554833,-,0.0963	0.000000	-	106554830	106554833	211,211,211
#Deleted in new
chr14	106555588	106555589	p@chr14:106555588..106555589,+,0.1016	0.000000	+	106555588	106555589	211,211,211
#Deleted in new
chr14	106556293	106556339	p@chr14:106556293..106556339,+,0.0912	0.000000	+	106556293	106556339	211,211,211
#Deleted in new
chr14	106556459	106556464	p@chr14:106556459..106556464,+,0.0838	0.000000	+	106556459	106556464	211,211,211
#Partially deleted in new
chr14	106660520	106660534	p@chr14:106660520..106660534,+,0.1631	0.000000	+	106660520	106660534	30,144,255
#Partially deleted in new
chr14	107051424	107051438	p@chr14:107051424..107051438,-,0.0917	0.000000	-	107051424	107051438	211,211,211
#Partially deleted in new
chr14	22124387	22124390	p@chr14:22124387..22124390,-,0.0641	0.000000	-	22124387	22124390	211,211,211
#Partially deleted in new
chr14	22997877	22997879	p@chr14:22997877..22997879,+,0.1099	0.000000	+	22997877	22997879	211,211,211
#Partially deleted in new
chr14	23017521	23017536	p@chr14:23017521..23017536,+,0.1173	0.000000	+	23017521	23017536	211,211,211
#Partially deleted in new
chr15	65243935	65243950	p@chr15:65243935..65243950,+,0.0240	0.000000	+	65243935	65243950	211,211,211
#Partially deleted in new
chr15	65244622	65244635	p@chr15:65244622..65244635,+,0.0013	0.000000	+	65244622	65244635	211,211,211
#Partially deleted in new
chr15	65244666	65244712	p@chr15:65244666..65244712,+,0.0000	0.000000	+	65244666	65244712	211,211,211
#Partially deleted in new
chr15	65244722	65244803	p@chr15:65244722..65244803,+,0.0016	0.000000	+	65244722	65244803	211,211,211
#Partially deleted in new
chr15	65244790	65244809	p@chr15:65244790..65244809,-,0.0000	0.000000	-	65244790	65244809	211,211,211
#Partially deleted in new
chr15	65244875	65244902	p@chr15:65244875..65244902,+,0.0011	0.000000	+	65244875	65244902	211,211,211
#Partially deleted in new
chr15	65245152	65245194	p@chr15:65245152..65245194,-,0.0000	0.000000	-	65245152	65245194	211,211,211
#Deleted in new
chr15	65245161	65245166	p@chr15:65245161..65245166,+,0.0000	0.000000	+	65245161	65245166	211,211,211
#Partially deleted in new
chr15	65245267	65245318	p@chr15:65245267..65245318,+,0.0007	0.000000	+	65245267	65245318	211,211,211
#Partially deleted in new
chr15	65245861	65245873	p@chr15:65245861..65245873,+,0.0000	0.000000	+	65245861	65245873	211,211,211
#Partially deleted in new
chr15	65245921	65245948	p@chr15:65245921..65245948,+,0.0009	0.000000	+	65245921	65245948	211,211,211
#Partially deleted in new
chr15	65245944	65245990	p@chr15:65245944..65245990,-,0.0007	0.000000	-	65245944	65245990	211,211,211
#Deleted in new
chr15	65245951	65245959	p@chr15:65245951..65245959,+,0.0014	0.000000	+	65245951	65245959	211,211,211
#Partially deleted in new
chr15	65246019	65246030	p@chr15:65246019..65246030,+,0.0000	0.000000	+	65246019	65246030	211,211,211
#Partially deleted in new
chr15	65246095	65246106	p@chr15:65246095..65246106,-,0.0003	0.000000	-	65246095	65246106	211,211,211
#Partially deleted in new
chr15	65246150	65246165	p@chr15:65246150..65246165,+,0.0010	0.000000	+	65246150	65246165	211,211,211
#Partially deleted in new
chr15	65246219	65246250	p@chr15:65246219..65246250,+,0.0000	0.000000	+	65246219	65246250	211,211,211
#Partially deleted in new
chr15	65246298	65246306	p@chr15:65246298..65246306,+,0.0014	0.000000	+	65246298	65246306	211,211,211
#Partially deleted in new
chr15	65246328	65246376	p@chr15:65246328..65246376,-,0.0031	0.000000	-	65246328	65246376	211,211,211
#Partially deleted in new
chr15	65246330	65246350	p@chr15:65246330..65246350,+,0.0007	0.000000	+	65246330	65246350	211,211,211
#Partially deleted in new
chr15	65246621	65246635	p@chr15:65246621..65246635,-,0.0102	0.000000	-	65246621	65246635	211,211,211
#Partially deleted in new
chr15	65246709	65246720	p@chr15:65246709..65246720,+,0.0207	0.000000	+	65246709	65246720	211,211,211
#Partially deleted in new
chr15	65246963	65246975	p@chr15:65246963..65246975,+,0.0251	0.000000	+	65246963	65246975	211,211,211
#Partially deleted in new
chr15	65247253	65247274	p@chr15:65247253..65247274,-,0.0513	0.000000	-	65247253	65247274	211,211,211
#Partially deleted in new
chr15	83166502	83166507	p@chr15:83166502..83166507,-,0.0908	0.000000	-	83166502	83166507	211,211,211
#Partially deleted in new
chr16	1279234	1279241	p@chr16:1279234..1279241,+,0.1234	0.000000	+	1279234	1279241	211,211,211
#Partially deleted in new
chr16	46390170	46390190	p@chr16:46390170..46390190,-,0.0317	0.000000	-	46390170	46390190	211,211,211
#Deleted in new
chr16	46401257	46401258	p@chr16:46401257..46401258,+,0.0520	0.000000	+	46401257	46401258	211,211,211
#Deleted in new
chr16	46403661	46403662	p@chr16:46403661..46403662,+,0.0378	0.000000	+	46403661	46403662	211,211,211
#Deleted in new
chr16	46406563	46406565	p@chr16:46406563..46406565,+,0.0510	0.000000	+	46406563	46406565	211,211,211
#Partially deleted in new
chr17	35520107	35520111	p@chr17:35520107..35520111,-,0.0976	0.000000	-	35520107	35520111	211,211,211
#Partially deleted in new
chr17	35575058	35575066	p@chr17:35575058..35575066,-,0.0572	0.000000	-	35575058	35575066	211,211,211
#Partially deleted in new
chr17	36066681	36066684	p@chr17:36066681..36066684,-,0.0901	0.000000	-	36066681	36066684	211,211,211
#Partially deleted in new
chr17	7417066	7417105	p@chr17:7417066..7417105,-,0.0711	0.000000	-	7417066	7417105	211,211,211
#Partially deleted in new
chr17	77541054	77541058	p@chr17:77541054..77541058,-,0.2087	0.000000	-	77541054	77541058	30,144,255
#Partially deleted in new
chr19	40402542	40402564	p@chr19:40402542..40402564,-,0.1378	0.000000	-	40402542	40402564	211,211,211
#Deleted in new
chr19	40402626	40402634	p@chr19:40402626..40402634,-,0.1238	0.000000	-	40402626	40402634	211,211,211
#Deleted in new
chr19	40407511	40407513	p@chr19:40407511..40407513,-,0.1243	0.000000	-	40407511	40407513	211,211,211
#Deleted in new
chr19	40410477	40410478	p@chr19:40410477..40410478,-,0.0966	0.000000	-	40410477	40410478	211,211,211
#Deleted in new
chr19	40411868	40411890	p@chr19:40411868..40411890,-,0.1704	0.000000	-	40411868	40411890	30,144,255
#Partially deleted in new
chr19	41985581	41985590	p@chr19:41985581..41985590,-,0.1057	0.000000	-	41985581	41985590	211,211,211
#Partially deleted in new
chr19	41985620	41985625	p@chr19:41985620..41985625,-,0.0973	0.000000	-	41985620	41985625	211,211,211
#Partially deleted in new
chr19	54965841	54965860	p@chr19:54965841..54965860,-,0.1104	0.000000	-	54965841	54965860	211,211,211
#Partially deleted in new
chr19	7417446	7417449	p@chr19:7417446..7417449,+,0.0808	0.000000	+	7417446	7417449	211,211,211
#Deleted in new
chr19	8787948	8787972	p@chr19:8787948..8787972,+,0.0583	0.000000	+	8787948	8787972	211,211,211
#Partially deleted in new
chr1	12665080	12665084	p@chr1:12665080..12665084,-,0.1249	0.000000	-	12665080	12665084	211,211,211
#Partially deleted in new
chr1	143743970	143744007	p@chr1:143743970..143744007,-,0.2860	0.000000	-	143743970	143744007	60,179,113
#Deleted in new
chr1	144594407	144594410	p@chr1:144594407..144594410,-,0.1461	0.000000	-	144594407	144594410	30,144,255
#Partially deleted in new
chr1	144674917	144674935	p@chr1:144674917..144674935,-,0.0684	0.000000	-	144674917	144674935	211,211,211
#Partially deleted in new
chr1	144870662	144870666	p@chr1:144870662..144870666,-,0.0932	0.000000	-	144870662	144870666	211,211,211
#Partially deleted in new
chr1	144923819	144923829	p@chr1:144923819..144923829,-,0.0599	0.000000	-	144923819	144923829	211,211,211
#Partially deleted in new
chr1	144998558	144998570	p@chr1:144998558..144998570,-,0.0828	0.000000	-	144998558	144998570	211,211,211
#Partially deleted in new
chr1	146556145	146556149	p@chr1:146556145..146556149,-,0.2946	0.000000	-	146556145	146556149	60,179,113
#Partially deleted in new
chr1	146690471	146690482	p@chr1:146690471..146690482,+,0.0756	0.000000	+	146690471	146690482	211,211,211
#Partially deleted in new
chr1	146733069	146733075	p@chr1:146733069..146733075,+,0.1029	0.000000	+	146733069	146733075	211,211,211
#Partially deleted in new
chr1	146759999	146760003	p@chr1:146759999..146760003,-,0.0737	0.000000	-	146759999	146760003	211,211,211
#Partially deleted in new
chr1	148241570	148241619	p@chr1:148241570..148241619,+,0.3530	0.000000	+	148241570	148241619	60,179,113
#Deleted in new
chr1	150124874	150124876	p@chr1:150124874..150124876,-,0.1280	0.000000	-	150124874	150124876	211,211,211
#Partially deleted in new
chr1	150206769	150206773	p@chr1:150206769..150206773,-,0.3600	0.000000	-	150206769	150206773	60,179,113
#Deleted in new
chr1	150279805	150279807	p@chr1:150279805..150279807,+,0.0912	0.000000	+	150279805	150279807	211,211,211
#Partially deleted in new
chr1	235654387	235654391	p@chr1:235654387..235654391,-,0.0856	0.000000	-	235654387	235654391	211,211,211
#Deleted in new
chr20	36984772	36984776	p@chr20:36984772..36984776,+,0.0874	0.000000	+	36984772	36984776	211,211,211
#Partially deleted in new
chr20	37052193	37052197	p@chr20:37052193..37052197,-,0.0854	0.000000	-	37052193	37052197	211,211,211
#Partially deleted in new
chr20	45854890	45854894	p@chr20:45854890..45854894,-,0.1122	0.000000	-	45854890	45854894	211,211,211
#Deleted in new
chr22	18004115	18004116	p@chr22:18004115..18004116,+,0.1337	0.000000	+	18004115	18004116	211,211,211
#Partially deleted in new
chr22	22640226	22640244	p@chr22:22640226..22640244,+,0.0259	0.000000	+	22640226	22640244	211,211,211
#Partially deleted in new
chr2	172829907	172829910	p@chr2:172829907..172829910,-,0.0997	0.000000	-	172829907	172829910	211,211,211
#Deleted in new
chr2	172834115	172834119	p@chr2:172834115..172834119,+,0.0819	0.000000	+	172834115	172834119	211,211,211
#Deleted in new
chr2	242744525	242744571	p@chr2:242744525..242744571,+,0.1414	0.000000	+	242744525	242744571	30,144,255
#Deleted in new
chr2	242744542	242744583	p@chr2:242744542..242744583,-,0.1914	0.000000	-	242744542	242744583	30,144,255
#Partially deleted in new
chr2	851004	851048	p@chr2:851004..851048,-,0.1186	0.000000	-	851004	851048	211,211,211
#Partially deleted in new
chr3	12942844	12942853	p@chr3:12942844..12942853,-,0.0344	0.000000	-	12942844	12942853	211,211,211
#Partially deleted in new
chr6	114182261	114182275	p@chr6:114182261..114182275,+,0.0827	0.000000	+	114182261	114182275	211,211,211
#Partially deleted in new
chr7	100544266	100544269	p@chr7:100544266..100544269,-,0.1247	0.000000	-	100544266	100544269	211,211,211
#Deleted in new
chr7	100550722	100550734	p@chr7:100550722..100550734,-,0.0936	0.000000	-	100550722	100550734	211,211,211
#Deleted in new
chr7	100550829	100550842	p@chr7:100550829..100550842,-,0.0577	0.000000	-	100550829	100550842	211,211,211
#Deleted in new
chr7	100550843	100550848	p@chr7:100550843..100550848,-,0.0552	0.000000	-	100550843	100550848	211,211,211
#Deleted in new
chr7	100606175	100606179	p@chr7:100606175..100606179,+,0.1433	0.000000	+	100606175	100606179	30,144,255
#Deleted in new
chr7	100609775	100609780	p@chr7:100609775..100609780,+,0.1863	0.000000	+	100609775	100609780	30,144,255
#Deleted in new
chr7	100609854	100609868	p@chr7:100609854..100609868,+,0.2174	0.000000	+	100609854	100609868	30,144,255
#Deleted in new
chr7	100610326	100610335	p@chr7:100610326..100610335,+,0.1171	0.000000	+	100610326	100610335	211,211,211
#Deleted in new
chr7	100610338	100610345	p@chr7:100610338..100610345,+,0.1221	0.000000	+	100610338	100610345	211,211,211
#Deleted in new
chr7	100610400	100610412	p@chr7:100610400..100610412,+,0.1111	0.000000	+	100610400	100610412	211,211,211
#Deleted in new
chr7	100610432	100610455	p@chr7:100610432..100610455,+,0.0749	0.000000	+	100610432	100610455	211,211,211
#Deleted in new
chr7	100610480	100610489	p@chr7:100610480..100610489,+,0.0801	0.000000	+	100610480	100610489	211,211,211
#Deleted in new
chr7	100610496	100610506	p@chr7:100610496..100610506,+,0.0820	0.000000	+	100610496	100610506	211,211,211
#Deleted in new
chr7	100610536	100610549	p@chr7:100610536..100610549,+,0.1259	0.000000	+	100610536	100610549	211,211,211
#Deleted in new
chr7	100610573	100610585	p@chr7:100610573..100610585,+,0.1248	0.000000	+	100610573	100610585	211,211,211
#Deleted in new
chr7	100610636	100610643	p@chr7:100610636..100610643,+,0.0831	0.000000	+	100610636	100610643	211,211,211
#Deleted in new
chr7	100610647	100610656	p@chr7:100610647..100610656,+,0.0759	0.000000	+	100610647	100610656	211,211,211
#Deleted in new
chr7	100610670	100610678	p@chr7:100610670..100610678,+,0.0606	0.000000	+	100610670	100610678	211,211,211
#Deleted in new
chr7	100610681	100610689	p@chr7:100610681..100610689,+,0.0638	0.000000	+	100610681	100610689	211,211,211
#Deleted in new
chr7	100610726	100610731	p@chr7:100610726..100610731,+,0.0439	0.000000	+	100610726	100610731	211,211,211
#Deleted in new
chr7	100610734	100610741	p@chr7:100610734..100610741,+,0.0437	0.000000	+	100610734	100610741	211,211,211
#Deleted in new
chr7	100610742	100610760	p@chr7:100610742..100610760,+,0.0527	0.000000	+	100610742	100610760	211,211,211
#Deleted in new
chr7	100610769	100610783	p@chr7:100610769..100610783,+,0.0433	0.000000	+	100610769	100610783	211,211,211
#Deleted in new
chr7	100610789	100610813	p@chr7:100610789..100610813,+,0.0583	0.000000	+	100610789	100610813	211,211,211
#Deleted in new
chr7	100610821	100610829	p@chr7:100610821..100610829,+,0.0598	0.000000	+	100610821	100610829	211,211,211
#Deleted in new
chr7	100610837	100610838	p@chr7:100610837..100610838,+,0.0667	0.000000	+	100610837	100610838	211,211,211
#Deleted in new
chr7	100610858	100610893	p@chr7:100610858..100610893,-,0.1994	0.000000	-	100610858	100610893	30,144,255
#Deleted in new
chr7	100610888	100610898	p@chr7:100610888..100610898,+,0.0620	0.000000	+	100610888	100610898	211,211,211
#Deleted in new
chr7	100610924	100610933	p@chr7:100610924..100610933,+,0.0558	0.000000	+	100610924	100610933	211,211,211
#Deleted in new
chr7	100610942	100610945	p@chr7:100610942..100610945,+,0.0572	0.000000	+	100610942	100610945	211,211,211
#Deleted in new
chr7	100610973	100610982	p@chr7:100610973..100610982,-,0.1911	0.000000	-	100610973	100610982	30,144,255
#Deleted in new
chr7	100611001	100611014	p@chr7:100611001..100611014,+,0.0934	0.000000	+	100611001	100611014	211,211,211
#Deleted in new
chr7	100611101	100611106	p@chr7:100611101..100611106,+,0.0947	0.000000	+	100611101	100611106	211,211,211
#Deleted in new
chr7	100611120	100611123	p@chr7:100611120..100611123,+,0.0814	0.000000	+	100611120	100611123	211,211,211
#Deleted in new
chr7	100611230	100611259	p@chr7:100611230..100611259,+,0.1067	0.000000	+	100611230	100611259	211,211,211
#Deleted in new
chr7	100611347	100611359	p@chr7:100611347..100611359,+,0.1436	0.000000	+	100611347	100611359	30,144,255
#Deleted in new
chr7	100612141	100612155	p@chr7:100612141..100612155,-,0.1466	0.000000	-	100612141	100612155	30,144,255
#Partially deleted in new
chr7	101954855	101954860	p@chr7:101954855..101954860,+,0.1287	0.000000	+	101954855	101954860	211,211,211
#Partially deleted in new
chr7	72196358	72196361	p@chr7:72196358..72196361,-,0.0520	0.000000	-	72196358	72196361	211,211,211
#Deleted in new
chr7	72270531	72270532	p@chr7:72270531..72270532,-,0.0860	0.000000	-	72270531	72270532	211,211,211
#Partially deleted in new
chr7	75062508	75062511	p@chr7:75062508..75062511,-,0.1016	0.000000	-	75062508	75062511	211,211,211
#Partially deleted in new
chr8	141006366	141006370	p@chr8:141006366..141006370,-,0.1069	0.000000	-	141006366	141006370	211,211,211
#Deleted in new
chr8	144939940	144939941	p@chr8:144939940..144939941,-,0.2239	0.000000	-	144939940	144939941	30,144,255
#Deleted in new
chr8	144940065	144940069	p@chr8:144940065..144940069,-,0.1921	0.000000	-	144940065	144940069	30,144,255
#Deleted in new
chr8	144940161	144940175	p@chr8:144940161..144940175,-,0.1731	0.000000	-	144940161	144940175	30,144,255
#Partially deleted in new
chr8	144940207	144940252	p@chr8:144940207..144940252,-,0.1988	0.000000	-	144940207	144940252	30,144,255
#Partially deleted in new
chr8	2548713	2548717	p@chr8:2548713..2548717,-,0.1292	0.000000	-	2548713	2548717	211,211,211
#Deleted in new
chr8	2588110	2588111	p@chr8:2588110..2588111,+,0.0840	0.000000	+	2588110	2588111	211,211,211
#Deleted in new
chr9	43401265	43401266	p@chr9:43401265..43401266,+,0.0847	0.000000	+	43401265	43401266	211,211,211
#Deleted in new
chr9	45606666	45606667	p@chr9:45606666..45606667,+,0.0284	0.000000	+	45606666	45606667	211,211,211
#Partially deleted in new
chr9	68783438	68783441	p@chr9:68783438..68783441,+,0.0586	0.000000	+	68783438	68783441	211,211,211
#Partially deleted in new
chrM	11719	11733	p@chrM:11719..11733,-,0.0216	0.000000	-	11719	11733	211,211,211
#Partially deleted in new
chrM	179	196	p@chrM:179..196,-,0.1777	0.000000	-	179	196	30,144,255
#Partially deleted in new
chrX	103046525	103046544	p@chrX:103046525..103046544,+,0.0369	0.000000	+	103046525	103046544	211,211,211
#Partially deleted in new
chrX	113290669	113290674	p@chrX:113290669..113290674,-,0.0819	0.000000	-	113290669	113290674	211,211,211
#Deleted in new
chrX	113815390	113815394	p@chrX:113815390..113815394,-,0.2148	0.000000	-	113815390	113815394	30,144,255
#Partially deleted in new
chrX	114782488	114782493	p@chrX:114782488..114782493,-,0.0751	0.000000	-	114782488	114782493	211,211,211
#Partially deleted in new
chrX	153738859	153738862	p@chrX:153738859..153738862,-,0.1001	0.000000	-	153738859	153738862	211,211,211
#Partially deleted in new
chrX	45612180	45612203	p@chrX:45612180..45612203,-,0.0590	0.000000	-	45612180	45612203	211,211,211
#Partially deleted in new
chrX	45670931	45670937	p@chrX:45670931..45670937,-,0.1113	0.000000	-	45670931	45670937	211,211,211
#Partially deleted in new
chrX	45701012	45701017	p@chrX:45701012..45701017,-,0.0992	0.000000	-	45701012	45701017	211,211,211
#Partially deleted in new
chrX	48317038	48317052	p@chrX:48317038..48317052,-,0.1437	0.000000	-	48317038	48317052	30,144,255
#Partially deleted in new
chrX	48786098	48786102	p@chrX:48786098..48786102,-,0.0644	0.000000	-	48786098	48786102	211,211,211
#Partially deleted in new
chrX	49119627	49119631	p@chrX:49119627..49119631,-,0.0811	0.000000	-	49119627	49119631	211,211,211
#Deleted in new
chrX	49706554	49706556	p@chrX:49706554..49706556,+,0.0663	0.000000	+	49706554	49706556	211,211,211
